284938
178600
47520
2220240
23939
360280
117903
2435
NO EXISTE
NO EXISTE
48783
17998
446264
NO EXISTE
64588
230075
728850
NO EXISTE
36459
230540
NO EXISTE
180702
449491
38844
1438231
144122
342376
215238
214364
339149
NO EXISTE
481945
468740
189466
658828
482864
261517
354226
67681
286490
1412184
241996
373102
104008
309208
11251
30556
139789
281606
52598
382271
NO EXISTE
157855
316441
NO EXISTE
14719
132627
NO EXISTE
71295
NO EXISTE
NO EXISTE
161975
218225
177587
NO EXISTE
NO EXISTE
NO EXISTE
182512
15323
81478
NO EXISTE
141083
317542
NO EXISTE
380939
125945
44567
45734
347229
67835
167140
6875
133029
474338
40232
101075
394963
NO EXISTE
121161
NO EXISTE
73628
1091981
297153
581031
33667
727025
212306
700400
258044
30490
228510
14394
185736
196985
126833
64726
40268
270149
13215
453188
361414
866531
345600
589441
867150
338692
247585
166810
745305
NO EXISTE
67031
633175
24424
148724
581689
NO EXISTE
46213
874088
635286
235949
140851
304625
1259871
246157
73653
684759
27313
158469
3398
86931
188330
420141
354116
269689
NO EXISTE
NO EXISTE
201527
103452
1040985
NO EXISTE
NO EXISTE
NO EXISTE
1260608
115445
129388
22843
469536
171940
33293
1356617
510615
64962
907316
NO EXISTE
49846
236461
8977
25484
338736
117041
95012
334090
NO EXISTE
NO EXISTE
NO EXISTE
NO EXISTE
NO EXISTE
446105
899695
NO EXISTE
132108
1078701
NO EXISTE
122146
232022
1065536
177535
74203
238472
47655
135992
536892
271199
102799
NO EXISTE
590009
NO EXISTE
243108
16924
868078
271370
NO EXISTE
NO EXISTE
248304
361785
212889
762773
123464
773109
317112
NO EXISTE
400522
74637
119655
191713
313141
417102
531672
161395
222760
279549
95433
197499
35135
283185
131762
NO EXISTE
276233
41857
25485
NO EXISTE
27263
86782
23471
352410
393982
NO EXISTE
139408
NO EXISTE
375356
307839
383172
NO EXISTE
838673
214622
214617
658311
46082
104285
58011
NO EXISTE
NO EXISTE
153620
32211
2113057
154102
1164153
207383
NO EXISTE
142895
58860
109524
65652
145524
11044
84976
108593
138430
65359
441235
42958
147288
220308
458228
34269
97120
963094
216562
145368
NO EXISTE
811136
NO EXISTE
26158
184997
298003
93302
719067
NO EXISTE
5278
NO EXISTE
194773
187002
382366
360873
405342
5316
284748
340621
NO EXISTE
269398
26008
NO EXISTE
664641
125645
154423
1020293
297714
64456
NO EXISTE
NO EXISTE
246951
103841
111971
NO EXISTE
NO EXISTE
456009
NO EXISTE
329268
NO EXISTE
NO EXISTE
462411
161068
105370
285259
717309
240084
99653
255638
58282
98544
NO EXISTE
38943
149772
521359
NO EXISTE
1665169
152061
NO EXISTE
NO EXISTE
126269
972317
NO EXISTE
NO EXISTE
187159
155661
217182
8082
86687
NO EXISTE
92990
290162
NO EXISTE
137169
2763
NO EXISTE
55537
NO EXISTE
693782
500708
356346
NO EXISTE
11324
206289
184265
287458
49566
918603
NO EXISTE
79130
14765
377927
NO EXISTE
198123
12148
10386
599
1255795
472642
293423
113690
92458
459119
NO EXISTE
86613
474512
3833
19804
29957
822862
372717
1376
11446
29312
810078
105464
10263
433129
357357
648650
NO EXISTE
493619
NO EXISTE
267427
357474
4473
146056
146272
65139
187023
NO EXISTE
115999
195491
NO EXISTE
NO EXISTE
1110543
672909
484972
381007
66599
NO EXISTE
63002
411704
334221
14516
308728
NO EXISTE
172625
1696
NO EXISTE
74600
NO EXISTE
434717
635839
287225
612886
161208
126153
190749
397114
67703
518008
NO EXISTE
304530
42651
NO EXISTE
10452
256275
234117
17540
NO EXISTE
322191
NO EXISTE
38247
805808
NO EXISTE
85302
111283
26649
NO EXISTE
318814
285989
3955
9164
62236
169815
46597
2890
895161
NO EXISTE
NO EXISTE
275050
178504
459780
766790
135343
1395633
NO EXISTE
235090
NO EXISTE
NO EXISTE
4569
NO EXISTE
NO EXISTE
139616
20070
NO EXISTE
NO EXISTE
365025
27111
278508
NO EXISTE
301128
165107
23304
45486
402393
62822
944332
352970
NO EXISTE
36646
362690
148083
99264
148311
33434