284938
178600
47520
2220240
23939
360280
117903
2435
NO EXISTE
NO EXISTE
48783
17998
446264
NO EXISTE
64588
230075
728850
NO EXISTE
36459
230540
NO EXISTE
180702
449491
38844
1438231
144122
342376
215238
214364
339149
NO EXISTE
481945
468740
189466
658828
482864
261517
354226
67681
286490
1412184
241996
373102
104008
309208
11251
30556
139789
281606
52598
382271
NO EXISTE
157855
316441
NO EXISTE
14719
132627
NO EXISTE
71295
NO EXISTE
NO EXISTE
161975
218225
177587
NO EXISTE
NO EXISTE
NO EXISTE
182512
15323
81478
NO EXISTE
141083
317542
NO EXISTE
380939
125945
44567
45734
347229
67835
167140
6875
133029
474338
40232
101075
394963
NO EXISTE
121161
NO EXISTE
73628
1091981
297153
581031
33667
727025
212306
700400
258044
30490
228510
14394
185736
196985
126833
64726
40268
270149
13215
453188
361414
866531
345600
589441
867150
338692
247585
166810
745305
NO EXISTE
67031
633175
24424
148724
581689
NO EXISTE
46213
874088
635286
235949
140851
304625
1259871
246157
73653
684759
27313
158469
3398
86931
188330
420141
354116
269689
NO EXISTE
NO EXISTE
201527
103452
1040985
NO EXISTE
NO EXISTE
NO EXISTE
