284938
178600
47520
2220240
23939
360280
117903
2435
NO EXISTE
NO EXISTE
45319
17998
446264
NO EXISTE
64588
230075
536571
NO EXISTE
19422
230540
NO EXISTE
123742
449491
38844
1438231
144122
288939
176576
214364
225619
NO EXISTE
481945
363103
189466
773405
438812
261517
281277
83428
286490
1412184
140167
373102
104008
309208
11251
30556
136284
281606
53610
382271
NO EXISTE
157855
241677
NO EXISTE
14719
132627
NO EXISTE
71295
NO EXISTE
NO EXISTE
161975
197451
177587
NO EXISTE
NO EXISTE
NO EXISTE
193266
15323
81478
NO EXISTE
141083
416615
NO EXISTE
380939
169859
44567
45734
229080
67835
167140
6875
133029
490859
40232
101075
328662
NO EXISTE
121161
NO EXISTE
73628
1091981
283050
581031
28358
1372781
212306
700400
258044
19671
228510
9684
336528
147142
126833
64726
40268
242568
13215
453188
468936
686190
345600
466460
610963
446631
321325
239105
527802
NO EXISTE
67031
566653
30000
264757
581689
NO EXISTE
43414
874088
635286
314334
138953
305471
1259871
246157
73653
684759
27313
158469
3398
121184
188330
420141
518938
269689
NO EXISTE
NO EXISTE
201527
103452
953533
NO EXISTE
NO EXISTE
NO EXISTE
1604073
118316
129388
22843
469536
230518
33293
1310675
510615
64962
907316
NO EXISTE
62711
236461
13351
25484
309882
117041
226424
334090
NO EXISTE
NO EXISTE
NO EXISTE
NO EXISTE
NO EXISTE
446105
899695
NO EXISTE
132108
1048709
NO EXISTE
122146
208633
1065536
170261
74203
238472
92325
134308
1022109
271199
102799
NO EXISTE
590009
NO EXISTE
243108
16924
868078
323135
NO EXISTE
NO EXISTE
233435
259875
368168
762773
123464
754871
281608
NO EXISTE
400522
74637
119655
191713
313141
417102
628457
161395
221185
277245
95433
197499
78093
362747
131762
NO EXISTE
198335
41857
25485
NO EXISTE
27263
86782
51359
352410
393982
NO EXISTE
156429
NO EXISTE
375356
307839
275256
NO EXISTE
1089898
210264
193557
658311
46082
104285
58011
NO EXISTE
NO EXISTE
153620
32211
2203022
154102
1164153
403834
NO EXISTE
142895
58860
112339
65652
145524
11044
295627
74031
138430
65359
441235
42958
147288
220308
458228
33712
97120
805891
216562
111569
NO EXISTE
1493403
NO EXISTE
26158
171295
298003
93302
767237
NO EXISTE
8833
NO EXISTE
320935
187002
352306
372616
291310
5316
284748
358432
NO EXISTE
269398
26008
NO EXISTE
664641
255180
154423
1020293
297714
64456
NO EXISTE
NO EXISTE
239746
103841
79650
NO EXISTE
NO EXISTE
440754
NO EXISTE
554688
NO EXISTE
NO EXISTE
1070841
235105
105370
285259
717309
240084
89765
219124
58282
98544
NO EXISTE
30685
149772
407337
NO EXISTE
1665169
152061
NO EXISTE
NO EXISTE
126269
972317
NO EXISTE
NO EXISTE
187159
139888
217182
8082
86687
NO EXISTE
165314
285336
NO EXISTE
135331
2763
NO EXISTE
50413
NO EXISTE
693097
500708
356346
NO EXISTE
11324
206289
184265
331921
49566
918603
NO EXISTE
46644
12557
377927
NO EXISTE
198123
12148
10386
599
1255795
472642
293423
113690
92458
394744
NO EXISTE
86613
474512
3833
19804
40323
822862
366635
1376
11446
43275
810078
93967
10263
433129
476587
648650
NO EXISTE
774765
NO EXISTE
267427
357474
4473
146056
146272
39988
187023
NO EXISTE
130387
195491
NO EXISTE
NO EXISTE
1110543
692315
608874
322870
66599
NO EXISTE
137876
411704
509578
14516
308728
NO EXISTE
172625
1696
NO EXISTE
82352
NO EXISTE
434717
635839
287225
612886
161208
120713
190749
397114
67703
518008
NO EXISTE
304530
34896
NO EXISTE
10452
468718
234117
28309
NO EXISTE
252524
NO EXISTE
38247
805808
NO EXISTE
70637
114825
26649
NO EXISTE
318814
285989
3955
9164
62236
167809
46597
2890
1173144
NO EXISTE
NO EXISTE
211897
238771
786316
1391541
135343
1417864
NO EXISTE
235090
NO EXISTE
NO EXISTE
4569
NO EXISTE
NO EXISTE
152831
20070
NO EXISTE
NO EXISTE
365025
27111
390320
NO EXISTE
301128
382985
21545
45486
286703
53712
519681
352970
NO EXISTE
28913
362690
147377
99264
263957
25605
960029
111530
811588
2765
1100454
84414
146269
920966
114301
33804
18558
407325
279032
323387
NO EXISTE
170248
75176
67424
NO EXISTE
NO EXISTE
NO EXISTE
1254222
277230
81683
NO EXISTE
626209
476843
109055
272352
NO EXISTE
NO EXISTE
145705
841714
308656
NO EXISTE
566503
503247
1083
1012502
55970
987066
NO EXISTE
256273
212030
91609
NO EXISTE
17741
1066117
781699
NO EXISTE
1013884
8436
107644
7901
995412
2124935
446697
1106765
207199
93625
NO EXISTE
NO EXISTE
23968
7851
864199
175033
497923
36802
588462
63691
1396664
180110
347000
23112
499048
822454
3210
116033
218797
180446
362855
643904
3178
NO EXISTE
NO EXISTE
NO EXISTE
507249
9907
2743
6630
145411
758149
187760
NO EXISTE
NO EXISTE
658877
NO EXISTE
468656
683209
1072240
NO EXISTE
399784
1362225
271976
158528
NO EXISTE
491955
NO EXISTE
205131
9096
28559
13823
159370
568848
428077
116753
NO EXISTE
377145
NO EXISTE
16853
NO EXISTE
90593
1273968
NO EXISTE
19378
148157
252923
NO EXISTE
176053
135173
295804
213541
50705
22297
86966
1084530
157679
53495
0
1569
48274
99063
208446
187740
NO EXISTE
298527
95666
428350
21231
691948
291930
NO EXISTE
887309
NO EXISTE
688349
5441
132718
270861
87033
254101
218759
81455
450296
179383
NO EXISTE
200336
43031
245986
39362
214015
184554
101414
128974
NO EXISTE
NO EXISTE
462535
11263
163875
NO EXISTE
366350
118855
12857
250769
405343
3603
396758
122032
468545
NO EXISTE
525160
293533
NO EXISTE
485387
32763
25003
406093
12198
197203
175986
NO EXISTE
NO EXISTE
655385
1368545
NO EXISTE
76667
203309
1345786
175273
NO EXISTE
38070
462657
91836
958946
89847
47608
1152125
1229746
95175
466970
859156
NO EXISTE
4168
NO EXISTE
10703
197615
126949
7384
62233
1341441
131705
341027
170132
NO EXISTE
663095
NO EXISTE
26725
173031
30569
695246
474833
365603
NO EXISTE
6146
NO EXISTE
152898
69977
NO EXISTE
29631
NO EXISTE
NO EXISTE
1212457
81494
851083
449948
80924
237503
915789
287377
137806
467875
782548
155139
291536
91192
206016
56032
NO EXISTE
NO EXISTE
354667
166552
181839
36524
82576
13304
98008
21493
82882
NO EXISTE
33471
873485
8625
208577
73496
201747
71644
445508
8834
NO EXISTE
231496
650375
523310
155558
38924
46564
839472
258828
116407
393333
NO EXISTE
355051
223189
NO EXISTE
471590
97325
73167
145590
1404926
86491
15384
376657
154202
948266
22898
248335
NO EXISTE
NO EXISTE
43801
751624
303344
223766
32926
1061460
165967
NO EXISTE
19310
NO EXISTE
NO EXISTE
202297
42095
NO EXISTE
182465
13697
NO EXISTE
1215
712069
NO EXISTE
NO EXISTE
NO EXISTE
NO EXISTE
351932
170583
761158
392774
89180
319669
116675
574527
199099
190172
NO EXISTE
48266
2165748
NO EXISTE
308175
180627
532643
71925
552729
153081
984242
56876
592173
40275
408584
13566
735360
203583
4369
99136
266849
23078
74233
NO EXISTE
NO EXISTE
65416
336485
135982
207948
66532
116049
NO EXISTE
597279
127792
248377
494844
943604
555948
100222
925319
328238
164020
NO EXISTE
648131
NO EXISTE
23218
571998
31273
719759
15533
210061
174371
97233
770500
NO EXISTE
64088
667930
496867
156039
NO EXISTE
190516
838807
22434
41841
222322
208481
1006396
33182
NO EXISTE
222714
NO EXISTE
NO EXISTE
2118
1040555
60744
318126
348757
505529
16154
1018648
760111
619989
62753
141389
81770
140514
NO EXISTE
86844
NO EXISTE
529712
213739
212651
109712
28852
423640
1019095
208475
91760
100619
NO EXISTE
69692
807245
367678
19647
482066
727171
10825
1001961
56674
440288
NO EXISTE
15654
952343
211734
554417
774453
NO EXISTE
146432
712713
NO EXISTE
1437485
336762
NO EXISTE
366748
NO EXISTE
1093855
724817
445268
247790
49522
156266
98337
495593
49769
604161
52070
834607
686319
78141
151536
NO EXISTE
NO EXISTE
NO EXISTE
78617
138942
Tiempo total: 540.6068891000 segundos.
