284938
Caso:  1000 Tiempo:  1.7679242
10000 elementos visitados
20000 elementos visitados
30000 elementos visitados
40000 elementos visitados
178600
Caso:  999 Tiempo:  76.3927252
47520
Caso:  998 Tiempo:  0.08173490000000072
10000 elementos visitados
20000 elementos visitados
30000 elementos visitados
40000 elementos visitados
50000 elementos visitados
60000 elementos visitados
70000 elementos visitados
80000 elementos visitados
90000 elementos visitados
100000 elementos visitados
110000 elementos visitados
120000 elementos visitados
130000 elementos visitados
140000 elementos visitados
150000 elementos visitados
160000 elementos visitados
170000 elementos visitados
180000 elementos visitados
2220240
Caso:  997 Tiempo:  1548.1424451
23939
Caso:  996 Tiempo:  0.5935795999998845
10000 elementos visitados
20000 elementos visitados
360280
Caso:  995 Tiempo:  31.140173600000026
117903
Caso:  994 Tiempo:  3.4936316000000716
2435
Caso:  993 Tiempo:  0.00014299999998002022
10000 elementos visitados
20000 elementos visitados
30000 elementos visitados
40000 elementos visitados
50000 elementos visitados
NO EXISTE
Caso:  992 Tiempo:  127.24179170000002
10000 elementos visitados
20000 elementos visitados
30000 elementos visitados
40000 elementos visitados
50000 elementos visitados
60000 elementos visitados
70000 elementos visitados
80000 elementos visitados
90000 elementos visitados
100000 elementos visitados
NO EXISTE
Caso:  991 Tiempo:  440.74799010000015
48783
Caso:  990 Tiempo:  0.9961885999996412
17998
Caso:  989 Tiempo:  0.011574600000130886
10000 elementos visitados
20000 elementos visitados
30000 elementos visitados
40000 elementos visitados
50000 elementos visitados
60000 elementos visitados
70000 elementos visitados
446264
Caso:  988 Tiempo:  208.08702319999975
NO EXISTE
Caso:  987 Tiempo:  0.016715400000066438
64588
Caso:  986 Tiempo:  2.469354999999723
10000 elementos visitados
230075
Caso:  985 Tiempo:  5.271835700000338
10000 elementos visitados
20000 elementos visitados
30000 elementos visitados
40000 elementos visitados
728850
Caso:  984 Tiempo:  88.8883165000002
NO EXISTE
Caso:  983 Tiempo:  2.279425700000047
36459
Caso:  982 Tiempo:  0.032416900000043825
10000 elementos visitados
20000 elementos visitados
30000 elementos visitados
40000 elementos visitados
50000 elementos visitados
60000 elementos visitados
70000 elementos visitados
230540
Caso:  981 Tiempo:  233.10083010000017
NO EXISTE
Caso:  980 Tiempo:  0.008165499999904569
180702
Caso:  979 Tiempo:  2.008651199999804
10000 elementos visitados
20000 elementos visitados
30000 elementos visitados
449491
Caso:  978 Tiempo:  45.00079149999965
38844
Caso:  977 Tiempo:  0.047782399999960035
10000 elementos visitados
20000 elementos visitados
30000 elementos visitados
40000 elementos visitados
50000 elementos visitados
60000 elementos visitados
70000 elementos visitados
80000 elementos visitados
90000 elementos visitados
100000 elementos visitados
110000 elementos visitados
120000 elementos visitados
130000 elementos visitados
140000 elementos visitados
150000 elementos visitados
160000 elementos visitados
1438231
Caso:  976 Tiempo:  1048.7060737000002
10000 elementos visitados
20000 elementos visitados
30000 elementos visitados
40000 elementos visitados
144122
Caso:  975 Tiempo:  74.42497670000012
10000 elementos visitados
20000 elementos visitados
30000 elementos visitados
40000 elementos visitados
50000 elementos visitados
60000 elementos visitados
70000 elementos visitados
80000 elementos visitados
90000 elementos visitados
100000 elementos visitados
342376
Caso:  974 Tiempo:  434.1540136999997
215238
Caso:  973 Tiempo:  2.1436846999995396
10000 elementos visitados
20000 elementos visitados
30000 elementos visitados
214364
Caso:  972 Tiempo:  48.709415600000284
10000 elementos visitados
20000 elementos visitados
30000 elementos visitados
339149
Caso:  971 Tiempo:  46.55326349999996
NO EXISTE
Caso:  970 Tiempo:  0.835508199999822
10000 elementos visitados
20000 elementos visitados
481945
Caso:  969 Tiempo:  15.61716929999966
10000 elementos visitados
20000 elementos visitados
30000 elementos visitados
40000 elementos visitados
50000 elementos visitados
468740
Caso:  968 Tiempo:  105.07376690000001
189466
Caso:  967 Tiempo:  0.847708799999964
10000 elementos visitados
20000 elementos visitados
30000 elementos visitados
40000 elementos visitados
50000 elementos visitados
60000 elementos visitados
70000 elementos visitados
80000 elementos visitados
90000 elementos visitados
100000 elementos visitados
110000 elementos visitados
120000 elementos visitados
130000 elementos visitados
140000 elementos visitados
150000 elementos visitados
160000 elementos visitados
658828
Caso:  966 Tiempo:  1068.1102149999997
10000 elementos visitados
20000 elementos visitados
482864
Caso:  965 Tiempo:  32.79234350000024
10000 elementos visitados
261517
Caso:  964 Tiempo:  6.4768037999992885
10000 elementos visitados
20000 elementos visitados
30000 elementos visitados
40000 elementos visitados
50000 elementos visitados
60000 elementos visitados
70000 elementos visitados
80000 elementos visitados
354226
Caso:  963 Tiempo:  270.2954391000003
67681
Caso:  962 Tiempo:  0.03163909999966563
10000 elementos visitados
20000 elementos visitados
286490
Caso:  961 Tiempo:  28.321138899999823
1412184
Caso:  960 Tiempo:  2.5015104999993127
10000 elementos visitados
20000 elementos visitados
241996
Caso:  959 Tiempo:  20.29477769999994
10000 elementos visitados
20000 elementos visitados
30000 elementos visitados
40000 elementos visitados
50000 elementos visitados
60000 elementos visitados
373102
Caso:  958 Tiempo:  178.3355322999996
10000 elementos visitados
20000 elementos visitados
104008
Caso:  957 Tiempo:  31.86925499999961
10000 elementos visitados
20000 elementos visitados
30000 elementos visitados
40000 elementos visitados
309208
Caso:  956 Tiempo:  73.78920650000055
11251
Caso:  955 Tiempo:  0.4401287000000593
30556
Caso:  954 Tiempo:  1.3320224000008238
10000 elementos visitados
20000 elementos visitados
30000 elementos visitados
139789
Caso:  953 Tiempo:  50.836280600000464
10000 elementos visitados
20000 elementos visitados
30000 elementos visitados
40000 elementos visitados
50000 elementos visitados
60000 elementos visitados
70000 elementos visitados
80000 elementos visitados
281606
Caso:  952 Tiempo:  309.8973783000001
52598
Caso:  951 Tiempo:  0.09821139999985462
10000 elementos visitados
382271
Caso:  950 Tiempo:  13.234188099999301
10000 elementos visitados
NO EXISTE
Caso:  949 Tiempo:  12.205351099999461
10000 elementos visitados
20000 elementos visitados
157855
Caso:  948 Tiempo:  21.45043910000004
10000 elementos visitados
20000 elementos visitados
30000 elementos visitados
40000 elementos visitados
50000 elementos visitados
60000 elementos visitados
70000 elementos visitados
80000 elementos visitados
316441
Caso:  947 Tiempo:  262.8715794
NO EXISTE
Caso:  946 Tiempo:  0.00014649999957327964
14719
Caso:  945 Tiempo:  0.000803500000074564
132627
Caso:  944 Tiempo:  1.086171299999478
NO EXISTE
Caso:  943 Tiempo:  0.4236651000001075
10000 elementos visitados
20000 elementos visitados
30000 elementos visitados
40000 elementos visitados
50000 elementos visitados
71295
Caso:  942 Tiempo:  138.70705649999945
NO EXISTE
Caso:  941 Tiempo:  2.6212385999997423
NO EXISTE
Caso:  940 Tiempo:  3.494142699999429
10000 elementos visitados
161975
Caso:  939 Tiempo:  14.061122999999498
10000 elementos visitados
20000 elementos visitados
30000 elementos visitados
40000 elementos visitados
50000 elementos visitados
218225
Caso:  938 Tiempo:  110.46600959999978
10000 elementos visitados
20000 elementos visitados
30000 elementos visitados
177587
Caso:  937 Tiempo:  62.21908929999972
NO EXISTE
Caso:  936 Tiempo:  4.7200000153679866e-05
10000 elementos visitados
20000 elementos visitados
NO EXISTE
Caso:  935 Tiempo:  21.28591310000047
NO EXISTE
Caso:  934 Tiempo:  2.003409000000829
182512
Caso:  933 Tiempo:  0.8314918000005491
15323
Caso:  932 Tiempo:  0.004133200000069337
81478
Caso:  931 Tiempo:  0.18944420000025275
10000 elementos visitados
NO EXISTE
Caso:  930 Tiempo:  9.482003400000394
10000 elementos visitados
141083
Caso:  929 Tiempo:  9.98837420000018
10000 elementos visitados
20000 elementos visitados
30000 elementos visitados
40000 elementos visitados
50000 elementos visitados
60000 elementos visitados
70000 elementos visitados
317542
Caso:  928 Tiempo:  211.0259613999997
NO EXISTE
Caso:  927 Tiempo:  2.0200000108161476e-05
10000 elementos visitados
20000 elementos visitados
30000 elementos visitados
40000 elementos visitados
380939
Caso:  926 Tiempo:  83.76080739999998
10000 elementos visitados
20000 elementos visitados
30000 elementos visitados
40000 elementos visitados
50000 elementos visitados
125945
Caso:  925 Tiempo:  113.84277139999995
44567
Caso:  924 Tiempo:  0.5999221000001853
45734
Caso:  923 Tiempo:  0.6585414999999557
10000 elementos visitados
20000 elementos visitados
30000 elementos visitados
40000 elementos visitados
50000 elementos visitados
60000 elementos visitados
70000 elementos visitados
80000 elementos visitados
90000 elementos visitados
347229
Caso:  922 Tiempo:  372.67028969999956
10000 elementos visitados
20000 elementos visitados
67835
Caso:  921 Tiempo:  22.72949299999982
167140
Caso:  920 Tiempo:  0.1754969000003257
6875
Caso:  919 Tiempo:  0.001954700000169396
10000 elementos visitados
133029
Caso:  918 Tiempo:  3.7390080000004673
10000 elementos visitados
20000 elementos visitados
30000 elementos visitados
40000 elementos visitados
474338
Caso:  917 Tiempo:  72.76865719999932
40232
Caso:  916 Tiempo:  1.1561165999992227
10000 elementos visitados
101075
Caso:  915 Tiempo:  6.420424899999489
10000 elementos visitados
20000 elementos visitados
394963
Caso:  914 Tiempo:  19.888664100000824
NO EXISTE
Caso:  913 Tiempo:  0.0020678000000771135
10000 elementos visitados
121161
Caso:  912 Tiempo:  5.775338499999634
10000 elementos visitados
NO EXISTE
Caso:  911 Tiempo:  9.754290099999707
73628
Caso:  910 Tiempo:  2.056736299999102
10000 elementos visitados
20000 elementos visitados
30000 elementos visitados
40000 elementos visitados
50000 elementos visitados
60000 elementos visitados
70000 elementos visitados
80000 elementos visitados
90000 elementos visitados
1091981
Caso:  909 Tiempo:  321.1374298999999
10000 elementos visitados
20000 elementos visitados
30000 elementos visitados
297153
Caso:  908 Tiempo:  38.44863509999959
10000 elementos visitados
20000 elementos visitados
30000 elementos visitados
581031
Caso:  907 Tiempo:  42.16069640000023
33667
Caso:  906 Tiempo:  0.021166799999264185
10000 elementos visitados
20000 elementos visitados
30000 elementos visitados
40000 elementos visitados
727025
Caso:  905 Tiempo:  76.80877680000049
10000 elementos visitados
20000 elementos visitados
30000 elementos visitados
40000 elementos visitados
50000 elementos visitados
60000 elementos visitados
212306
Caso:  904 Tiempo:  185.5346497999999
10000 elementos visitados
20000 elementos visitados
30000 elementos visitados
40000 elementos visitados
50000 elementos visitados
60000 elementos visitados
70000 elementos visitados
80000 elementos visitados
90000 elementos visitados
100000 elementos visitados
700400
Caso:  903 Tiempo:  469.5802528999993
10000 elementos visitados
20000 elementos visitados
30000 elementos visitados
258044
Caso:  902 Tiempo:  52.845640899999125
30490
Caso:  901 Tiempo:  2.025042299999768
10000 elementos visitados
20000 elementos visitados
30000 elementos visitados
228510
Caso:  900 Tiempo:  45.95220360000167
14394
Caso:  899 Tiempo:  0.003182300000844407
10000 elementos visitados
20000 elementos visitados
185736
Caso:  898 Tiempo:  27.841757000000143
10000 elementos visitados
20000 elementos visitados
196985
Caso:  897 Tiempo:  33.609113499998784
10000 elementos visitados
126833
Caso:  896 Tiempo:  5.804942099999607
10000 elementos visitados
64726
Caso:  895 Tiempo:  5.193836000000374
40268
Caso:  894 Tiempo:  0.09010130000024219
10000 elementos visitados
270149
Caso:  893 Tiempo:  8.807802299999821
13215
Caso:  892 Tiempo:  0.07515219999913825
10000 elementos visitados
20000 elementos visitados
30000 elementos visitados
40000 elementos visitados
50000 elementos visitados
60000 elementos visitados
70000 elementos visitados
80000 elementos visitados
453188
Caso:  891 Tiempo:  296.60823580000033
10000 elementos visitados
361414
Caso:  890 Tiempo:  9.0124248000011
10000 elementos visitados
20000 elementos visitados
30000 elementos visitados
40000 elementos visitados
50000 elementos visitados
866531
Caso:  889 Tiempo:  106.16925619999893
345600
Caso:  888 Tiempo:  0.7618856000008236
10000 elementos visitados
20000 elementos visitados
30000 elementos visitados
40000 elementos visitados
50000 elementos visitados
60000 elementos visitados
70000 elementos visitados
80000 elementos visitados
90000 elementos visitados
100000 elementos visitados
110000 elementos visitados
120000 elementos visitados
589441
Caso:  887 Tiempo:  586.4610625000005
10000 elementos visitados
20000 elementos visitados
30000 elementos visitados
867150
Caso:  886 Tiempo:  53.15021759999945
10000 elementos visitados
20000 elementos visitados
30000 elementos visitados
40000 elementos visitados
50000 elementos visitados
60000 elementos visitados
70000 elementos visitados
338692
Caso:  885 Tiempo:  238.60117210000135
10000 elementos visitados
20000 elementos visitados
30000 elementos visitados
40000 elementos visitados
247585
Caso:  884 Tiempo:  95.85834460000115
10000 elementos visitados
20000 elementos visitados
166810
Caso:  883 Tiempo:  25.83207240000047
10000 elementos visitados
20000 elementos visitados
30000 elementos visitados
40000 elementos visitados
50000 elementos visitados
60000 elementos visitados
745305
Caso:  882 Tiempo:  188.30575060000047
NO EXISTE
Caso:  881 Tiempo:  0.0009552999999868916
10000 elementos visitados
67031
Caso:  880 Tiempo:  13.390767999999298
10000 elementos visitados
20000 elementos visitados
30000 elementos visitados
40000 elementos visitados
50000 elementos visitados
633175
Caso:  879 Tiempo:  118.20416049999949
24424
Caso:  878 Tiempo:  0.008854599998812773
10000 elementos visitados
20000 elementos visitados
30000 elementos visitados
148724
Caso:  877 Tiempo:  53.54676240000117
10000 elementos visitados
20000 elementos visitados
30000 elementos visitados
40000 elementos visitados
50000 elementos visitados
60000 elementos visitados
70000 elementos visitados
581689
Caso:  876 Tiempo:  196.37581359999967
NO EXISTE
Caso:  875 Tiempo:  0.0007724999995843973
46213
Caso:  874 Tiempo:  2.867325499999424
10000 elementos visitados
20000 elementos visitados
30000 elementos visitados
40000 elementos visitados
50000 elementos visitados
60000 elementos visitados
70000 elementos visitados
80000 elementos visitados
90000 elementos visitados
100000 elementos visitados
110000 elementos visitados
120000 elementos visitados
130000 elementos visitados
140000 elementos visitados
874088
Caso:  873 Tiempo:  909.8148636000005
10000 elementos visitados
20000 elementos visitados
30000 elementos visitados
40000 elementos visitados
50000 elementos visitados
60000 elementos visitados
70000 elementos visitados
80000 elementos visitados
90000 elementos visitados
635286
Caso:  872 Tiempo:  328.3349765999992
10000 elementos visitados
20000 elementos visitados
235949
Caso:  871 Tiempo:  20.787627699999575
10000 elementos visitados
20000 elementos visitados
140851
Caso:  870 Tiempo:  17.729954699998416
10000 elementos visitados
20000 elementos visitados
304625
Caso:  869 Tiempo:  15.925884099999166
10000 elementos visitados
20000 elementos visitados
30000 elementos visitados
40000 elementos visitados
50000 elementos visitados
60000 elementos visitados
1259871
Caso:  868 Tiempo:  156.1931042999986
10000 elementos visitados
20000 elementos visitados
30000 elementos visitados
246157
Caso:  867 Tiempo:  55.28847510000014
73653
Caso:  866 Tiempo:  0.050604599999132915
10000 elementos visitados
20000 elementos visitados
30000 elementos visitados
40000 elementos visitados
50000 elementos visitados
60000 elementos visitados
70000 elementos visitados
80000 elementos visitados
90000 elementos visitados
100000 elementos visitados
684759
Caso:  865 Tiempo:  431.83135650000077
27313
Caso:  864 Tiempo:  0.8322376000014629
158469
Caso:  863 Tiempo:  1.5837534000002051
3398
Caso:  862 Tiempo:  0.001053699999829405
86931
Caso:  861 Tiempo:  3.4545614999988175
188330
Caso:  860 Tiempo:  3.640636500000255
10000 elementos visitados
20000 elementos visitados
30000 elementos visitados
40000 elementos visitados
50000 elementos visitados
60000 elementos visitados
70000 elementos visitados
80000 elementos visitados
90000 elementos visitados
100000 elementos visitados
110000 elementos visitados
120000 elementos visitados
130000 elementos visitados
140000 elementos visitados
420141
Caso:  859 Tiempo:  782.7200026999999
10000 elementos visitados
20000 elementos visitados
30000 elementos visitados
40000 elementos visitados
50000 elementos visitados
60000 elementos visitados
70000 elementos visitados
80000 elementos visitados
90000 elementos visitados
100000 elementos visitados
110000 elementos visitados
120000 elementos visitados
354116
Caso:  858 Tiempo:  649.9212016999991
10000 elementos visitados
20000 elementos visitados
30000 elementos visitados
40000 elementos visitados
50000 elementos visitados
60000 elementos visitados
70000 elementos visitados
80000 elementos visitados
90000 elementos visitados
269689
Caso:  857 Tiempo:  321.37848250000025
NO EXISTE
Caso:  856 Tiempo:  0.00025649999952293
NO EXISTE
Caso:  855 Tiempo:  0.0029417000005196314
10000 elementos visitados
201527
Caso:  854 Tiempo:  12.584646900000735
103452
Caso:  853 Tiempo:  3.202642600001127
10000 elementos visitados
20000 elementos visitados
30000 elementos visitados
40000 elementos visitados
1040985
Caso:  852 Tiempo:  63.99470190000102
NO EXISTE
Caso:  851 Tiempo:  0.3822909000009531
NO EXISTE
Caso:  850 Tiempo:  0.0003942000003007706
NO EXISTE
Caso:  849 Tiempo:  0.46584319999965373
10000 elementos visitados
20000 elementos visitados
30000 elementos visitados
40000 elementos visitados
50000 elementos visitados
1260608
Caso:  848 Tiempo:  105.18392680000034
10000 elementos visitados
20000 elementos visitados
115445
Caso:  847 Tiempo:  21.500273199999356
10000 elementos visitados
129388
Caso:  846 Tiempo:  10.738618600000336
22843
Caso:  845 Tiempo:  0.15188010000019858
10000 elementos visitados
20000 elementos visitados
30000 elementos visitados
40000 elementos visitados
50000 elementos visitados
60000 elementos visitados
70000 elementos visitados
80000 elementos visitados
90000 elementos visitados
100000 elementos visitados
469536
Caso:  844 Tiempo:  437.4131257000008
10000 elementos visitados
171940
Caso:  843 Tiempo:  7.242373999999472
33293
Caso:  842 Tiempo:  0.6862089000005653
10000 elementos visitados
20000 elementos visitados
30000 elementos visitados
40000 elementos visitados
50000 elementos visitados
60000 elementos visitados
70000 elementos visitados
80000 elementos visitados
90000 elementos visitados
100000 elementos visitados
110000 elementos visitados
120000 elementos visitados
130000 elementos visitados
1356617
Caso:  841 Tiempo:  684.9569797999993
10000 elementos visitados
20000 elementos visitados
30000 elementos visitados
40000 elementos visitados
50000 elementos visitados
60000 elementos visitados
70000 elementos visitados
80000 elementos visitados
90000 elementos visitados
100000 elementos visitados
110000 elementos visitados
120000 elementos visitados
510615
Caso:  840 Tiempo:  653.2916751000012
64962
Caso:  839 Tiempo:  1.184901100001298
10000 elementos visitados
20000 elementos visitados
30000 elementos visitados
40000 elementos visitados
50000 elementos visitados
60000 elementos visitados
70000 elementos visitados
80000 elementos visitados
90000 elementos visitados
100000 elementos visitados
110000 elementos visitados
120000 elementos visitados
130000 elementos visitados
140000 elementos visitados
150000 elementos visitados
160000 elementos visitados
170000 elementos visitados
180000 elementos visitados
190000 elementos visitados
200000 elementos visitados
210000 elementos visitados
220000 elementos visitados
230000 elementos visitados
240000 elementos visitados
250000 elementos visitados
907316
Caso:  838 Tiempo:  2785.3917989
10000 elementos visitados
NO EXISTE
Caso:  837 Tiempo:  4.231825000002573
49846
Caso:  836 Tiempo:  0.45515030000024126
10000 elementos visitados
20000 elementos visitados
30000 elementos visitados
40000 elementos visitados
50000 elementos visitados
236461
Caso:  835 Tiempo:  107.07620369999859
8977
Caso:  834 Tiempo:  0.014119799998297822
25484
Caso:  833 Tiempo:  0.03291199999875971
10000 elementos visitados
20000 elementos visitados
30000 elementos visitados
338736
Caso:  832 Tiempo:  42.139261199998145
10000 elementos visitados
20000 elementos visitados
117041
Caso:  831 Tiempo:  17.911944300001778
10000 elementos visitados
95012
Caso:  830 Tiempo:  5.749953500002448
10000 elementos visitados
20000 elementos visitados
30000 elementos visitados
40000 elementos visitados
50000 elementos visitados
60000 elementos visitados
70000 elementos visitados
80000 elementos visitados
90000 elementos visitados
100000 elementos visitados
110000 elementos visitados
334090
Caso:  829 Tiempo:  556.8810637999995
NO EXISTE
Caso:  828 Tiempo:  1.6699999832781032e-05
NO EXISTE
Caso:  827 Tiempo:  0.0003929999984393362
NO EXISTE
Caso:  826 Tiempo:  0.0007124000003386755
10000 elementos visitados
20000 elementos visitados
NO EXISTE
Caso:  825 Tiempo:  15.7303138999996
NO EXISTE
Caso:  824 Tiempo:  0.6149241999992228
446105
Caso:  823 Tiempo:  1.3893797000018822
10000 elementos visitados
20000 elementos visitados
30000 elementos visitados
40000 elementos visitados
50000 elementos visitados
60000 elementos visitados
70000 elementos visitados
80000 elementos visitados
90000 elementos visitados
100000 elementos visitados
899695
Caso:  822 Tiempo:  463.51019689999885
NO EXISTE
Caso:  821 Tiempo:  1.7937742000030994
132108
Caso:  820 Tiempo:  1.7845325999987836
10000 elementos visitados
20000 elementos visitados
30000 elementos visitados
40000 elementos visitados
50000 elementos visitados
60000 elementos visitados
70000 elementos visitados
80000 elementos visitados
90000 elementos visitados
100000 elementos visitados
110000 elementos visitados
120000 elementos visitados
130000 elementos visitados
140000 elementos visitados
150000 elementos visitados
160000 elementos visitados
170000 elementos visitados
1078701
Caso:  819 Tiempo:  1306.8517049000002
NO EXISTE
Caso:  818 Tiempo:  0.0009740999994392041
10000 elementos visitados
122146
Caso:  817 Tiempo:  8.158935999999812
10000 elementos visitados
232022
Caso:  816 Tiempo:  6.926321499999176
10000 elementos visitados
20000 elementos visitados
30000 elementos visitados
1065536
Caso:  815 Tiempo:  35.07162210000024
10000 elementos visitados
177535
Caso:  814 Tiempo:  5.121646800002054
74203
Caso:  813 Tiempo:  0.06890540000313194
238472
Caso:  812 Tiempo:  3.0325129000011657
47655
Caso:  811 Tiempo:  1.6812755999999354
10000 elementos visitados
135992
Caso:  810 Tiempo:  3.9669594000006327
10000 elementos visitados
20000 elementos visitados
30000 elementos visitados
536892
Caso:  809 Tiempo:  35.04063569999926
10000 elementos visitados
20000 elementos visitados
30000 elementos visitados
271199
Caso:  808 Tiempo:  43.838224700000865
102799
Caso:  807 Tiempo:  1.1805171000014525
NO EXISTE
Caso:  806 Tiempo:  0.16607880000083242
10000 elementos visitados
20000 elementos visitados
30000 elementos visitados
40000 elementos visitados
50000 elementos visitados
60000 elementos visitados
70000 elementos visitados
80000 elementos visitados
90000 elementos visitados
100000 elementos visitados
110000 elementos visitados
120000 elementos visitados
130000 elementos visitados
140000 elementos visitados
150000 elementos visitados
160000 elementos visitados
590009
Caso:  805 Tiempo:  1114.8602936000025
NO EXISTE
Caso:  804 Tiempo:  0.005287600000883685
10000 elementos visitados
243108
Caso:  803 Tiempo:  5.973060100001021
16924
Caso:  802 Tiempo:  1.043091400002595
10000 elementos visitados
20000 elementos visitados
30000 elementos visitados
40000 elementos visitados
50000 elementos visitados
60000 elementos visitados
868078
Caso:  801 Tiempo:  167.30498530000114
10000 elementos visitados
271370
Caso:  800 Tiempo:  8.409843699999328
NO EXISTE
Caso:  799 Tiempo:  0.003190099996572826
10000 elementos visitados
20000 elementos visitados
30000 elementos visitados
40000 elementos visitados
50000 elementos visitados
60000 elementos visitados
70000 elementos visitados
80000 elementos visitados
90000 elementos visitados
100000 elementos visitados
110000 elementos visitados
120000 elementos visitados
130000 elementos visitados
140000 elementos visitados
150000 elementos visitados
160000 elementos visitados
170000 elementos visitados
180000 elementos visitados
190000 elementos visitados
NO EXISTE
Caso:  798 Tiempo:  1549.8041125000018
10000 elementos visitados
20000 elementos visitados
248304
Caso:  797 Tiempo:  34.70827780000036
10000 elementos visitados
20000 elementos visitados
30000 elementos visitados
40000 elementos visitados
361785
Caso:  796 Tiempo:  81.48242419999951
10000 elementos visitados
212889
Caso:  795 Tiempo:  12.806733299999905
10000 elementos visitados
20000 elementos visitados
30000 elementos visitados
40000 elementos visitados
762773
Caso:  794 Tiempo:  81.06004519999988
10000 elementos visitados
123464
Caso:  793 Tiempo:  13.771242900002107
10000 elementos visitados
20000 elementos visitados
30000 elementos visitados
773109
Caso:  792 Tiempo:  36.69930600000225
10000 elementos visitados
20000 elementos visitados
30000 elementos visitados
40000 elementos visitados
50000 elementos visitados
60000 elementos visitados
70000 elementos visitados
80000 elementos visitados
90000 elementos visitados
317112
Caso:  791 Tiempo:  392.76909089999754
10000 elementos visitados
NO EXISTE
Caso:  790 Tiempo:  9.341421100001753
10000 elementos visitados
20000 elementos visitados
30000 elementos visitados
40000 elementos visitados
400522
Caso:  789 Tiempo:  62.02725120000105
10000 elementos visitados
74637
Caso:  788 Tiempo:  5.074046699999599
10000 elementos visitados
20000 elementos visitados
30000 elementos visitados
40000 elementos visitados
119655
Caso:  787 Tiempo:  90.41196209999907
191713
Caso:  786 Tiempo:  1.166659599999548
10000 elementos visitados
20000 elementos visitados
30000 elementos visitados
40000 elementos visitados
50000 elementos visitados
313141
Caso:  785 Tiempo:  117.32455339999797
10000 elementos visitados
20000 elementos visitados
30000 elementos visitados
417102
Caso:  784 Tiempo:  39.680280499997025
10000 elementos visitados
20000 elementos visitados
30000 elementos visitados
40000 elementos visitados
50000 elementos visitados
531672
Caso:  783 Tiempo:  132.1045223000001
161395
Caso:  782 Tiempo:  0.8350697000023501
10000 elementos visitados
222760
Caso:  781 Tiempo:  14.412489800000913
10000 elementos visitados
20000 elementos visitados
279549
Caso:  780 Tiempo:  27.004118099997868
10000 elementos visitados
20000 elementos visitados
30000 elementos visitados
95433
Caso:  779 Tiempo:  49.57502419999946
197499
Caso:  778 Tiempo:  1.5482988000003388
35135
Caso:  777 Tiempo:  1.8519311000018206
10000 elementos visitados
283185
Caso:  776 Tiempo:  5.158149699997011
131762
Caso:  775 Tiempo:  0.7074890000003506
10000 elementos visitados
NO EXISTE
Caso:  774 Tiempo:  5.3341117999989365
10000 elementos visitados
20000 elementos visitados
30000 elementos visitados
40000 elementos visitados
50000 elementos visitados
60000 elementos visitados
70000 elementos visitados
80000 elementos visitados
276233
Caso:  773 Tiempo:  304.7939340999983
41857
Caso:  772 Tiempo:  0.27902959999846644
25485
Caso:  771 Tiempo:  0.029594299998279894
10000 elementos visitados
NO EXISTE
Caso:  770 Tiempo:  7.611775400000624
27263
Caso:  769 Tiempo:  0.7245417000012822
86782
Caso:  768 Tiempo:  0.0318409999999858
23471
Caso:  767 Tiempo:  0.06070980000004056
10000 elementos visitados
20000 elementos visitados
30000 elementos visitados
40000 elementos visitados
50000 elementos visitados
60000 elementos visitados
352410
Caso:  766 Tiempo:  175.09725350000008
10000 elementos visitados
20000 elementos visitados
30000 elementos visitados
393982
Caso:  765 Tiempo:  60.854699999999866
NO EXISTE
Caso:  764 Tiempo:  0.5334800999989966
10000 elementos visitados
139408
Caso:  763 Tiempo:  6.20980309999868
NO EXISTE
Caso:  762 Tiempo:  0.26195600000210106
10000 elementos visitados
20000 elementos visitados
30000 elementos visitados
375356
Caso:  761 Tiempo:  43.67946749999828
10000 elementos visitados
20000 elementos visitados
307839
Caso:  760 Tiempo:  34.13983079999889
10000 elementos visitados
20000 elementos visitados
30000 elementos visitados
40000 elementos visitados
50000 elementos visitados
60000 elementos visitados
70000 elementos visitados
80000 elementos visitados
90000 elementos visitados
100000 elementos visitados
383172
Caso:  759 Tiempo:  491.50040290000106
NO EXISTE
Caso:  758 Tiempo:  0.0005817999990540557
10000 elementos visitados
20000 elementos visitados
30000 elementos visitados
40000 elementos visitados
50000 elementos visitados
60000 elementos visitados
70000 elementos visitados
80000 elementos visitados
90000 elementos visitados
100000 elementos visitados
110000 elementos visitados
120000 elementos visitados
130000 elementos visitados
140000 elementos visitados
150000 elementos visitados
160000 elementos visitados
170000 elementos visitados
180000 elementos visitados
190000 elementos visitados
200000 elementos visitados
210000 elementos visitados
220000 elementos visitados
838673
Caso:  757 Tiempo:  2107.7603296000016
214622
Caso:  756 Tiempo:  0.2493389000010211
10000 elementos visitados
214617
Caso:  755 Tiempo:  6.84115649999876
10000 elementos visitados
20000 elementos visitados
30000 elementos visitados
40000 elementos visitados
658311
Caso:  754 Tiempo:  90.44219650000014
46082
Caso:  753 Tiempo:  3.585188199998811
10000 elementos visitados
104285
Caso:  752 Tiempo:  15.445878200000152
58011
Caso:  751 Tiempo:  1.7093008999981976
10000 elementos visitados
20000 elementos visitados
30000 elementos visitados
NO EXISTE
Caso:  750 Tiempo:  35.9473868999994
NO EXISTE
Caso:  749 Tiempo:  0.08242959999915911
153620
Caso:  748 Tiempo:  2.4933517999998003
32211
Caso:  747 Tiempo:  0.08354060000056052
10000 elementos visitados
20000 elementos visitados
30000 elementos visitados
40000 elementos visitados
50000 elementos visitados
60000 elementos visitados
70000 elementos visitados
80000 elementos visitados
90000 elementos visitados
100000 elementos visitados
110000 elementos visitados
120000 elementos visitados
130000 elementos visitados
140000 elementos visitados
150000 elementos visitados
160000 elementos visitados
170000 elementos visitados
180000 elementos visitados
2113057
Caso:  746 Tiempo:  1408.391496199998
10000 elementos visitados
20000 elementos visitados
30000 elementos visitados
154102
Caso:  745 Tiempo:  53.22547029999987
10000 elementos visitados
20000 elementos visitados
30000 elementos visitados
40000 elementos visitados
50000 elementos visitados
60000 elementos visitados
70000 elementos visitados
80000 elementos visitados
90000 elementos visitados
1164153
Caso:  744 Tiempo:  380.49058039999727
10000 elementos visitados
20000 elementos visitados
207383
Caso:  743 Tiempo:  26.485603000000992
10000 elementos visitados
NO EXISTE
Caso:  742 Tiempo:  10.208513800000219
10000 elementos visitados
20000 elementos visitados
30000 elementos visitados
40000 elementos visitados
50000 elementos visitados
142895
Caso:  741 Tiempo:  132.81717469999785
58860
Caso:  740 Tiempo:  1.077086799999961
10000 elementos visitados
109524
Caso:  739 Tiempo:  9.120872799998324
65652
Caso:  738 Tiempo:  0.29400189999796567
10000 elementos visitados
20000 elementos visitados
145524
Caso:  737 Tiempo:  22.27484110000296
11044
Caso:  736 Tiempo:  0.19228450000082375
10000 elementos visitados
20000 elementos visitados
30000 elementos visitados
40000 elementos visitados
84976
Caso:  735 Tiempo:  62.99611519999962
10000 elementos visitados
108593
Caso:  734 Tiempo:  5.470987600001536
10000 elementos visitados
138430
Caso:  733 Tiempo:  4.410716300000786
10000 elementos visitados
20000 elementos visitados
30000 elementos visitados
65359
Caso:  732 Tiempo:  38.21756330000062
10000 elementos visitados
20000 elementos visitados
30000 elementos visitados
40000 elementos visitados
50000 elementos visitados
441235
Caso:  731 Tiempo:  105.97104550000222
42958
Caso:  730 Tiempo:  0.4814511999975366
10000 elementos visitados
20000 elementos visitados
30000 elementos visitados
147288
Caso:  729 Tiempo:  50.40538299999753
10000 elementos visitados
20000 elementos visitados
30000 elementos visitados
40000 elementos visitados
50000 elementos visitados
60000 elementos visitados
70000 elementos visitados
80000 elementos visitados
220308
Caso:  728 Tiempo:  253.12986289999753
10000 elementos visitados
20000 elementos visitados
30000 elementos visitados
40000 elementos visitados
50000 elementos visitados
60000 elementos visitados
70000 elementos visitados
80000 elementos visitados
90000 elementos visitados
100000 elementos visitados
110000 elementos visitados
120000 elementos visitados
130000 elementos visitados
140000 elementos visitados
150000 elementos visitados
160000 elementos visitados
170000 elementos visitados
180000 elementos visitados
190000 elementos visitados
458228
Caso:  727 Tiempo:  1568.6341159999974
34269
Caso:  726 Tiempo:  0.5863865999999689
97120
Caso:  725 Tiempo:  0.1426928000000771
10000 elementos visitados
963094
Caso:  724 Tiempo:  14.923874700005399
10000 elementos visitados
20000 elementos visitados
216562
Caso:  723 Tiempo:  32.794053199999325
10000 elementos visitados
145368
Caso:  722 Tiempo:  4.9551790000041365
10000 elementos visitados
20000 elementos visitados
30000 elementos visitados
40000 elementos visitados
NO EXISTE
Caso:  721 Tiempo:  62.85829919999378
10000 elementos visitados
20000 elementos visitados
30000 elementos visitados
811136
Caso:  720 Tiempo:  50.55111200000101
NO EXISTE
Caso:  719 Tiempo:  6.469999789260328e-05
26158
Caso:  718 Tiempo:  0.021309199997631367
10000 elementos visitados
20000 elementos visitados
184997
Caso:  717 Tiempo:  24.13840459999483
10000 elementos visitados
20000 elementos visitados
298003
Caso:  716 Tiempo:  17.453237900001113
10000 elementos visitados
20000 elementos visitados
93302
Caso:  715 Tiempo:  31.208510799995565
10000 elementos visitados
20000 elementos visitados
30000 elementos visitados
40000 elementos visitados
50000 elementos visitados
60000 elementos visitados
70000 elementos visitados
80000 elementos visitados
90000 elementos visitados
100000 elementos visitados
110000 elementos visitados
120000 elementos visitados
130000 elementos visitados
140000 elementos visitados
150000 elementos visitados
160000 elementos visitados
170000 elementos visitados
180000 elementos visitados
190000 elementos visitados
200000 elementos visitados
719067
Caso:  714 Tiempo:  1686.2183712000042
NO EXISTE
Caso:  713 Tiempo:  0.005090999999083579
5278
Caso:  712 Tiempo:  0.000287199996819254
10000 elementos visitados
20000 elementos visitados
30000 elementos visitados
40000 elementos visitados
50000 elementos visitados
60000 elementos visitados
70000 elementos visitados
80000 elementos visitados
NO EXISTE
Caso:  711 Tiempo:  275.989736800002
10000 elementos visitados
20000 elementos visitados
194773
Caso:  710 Tiempo:  26.915182299999287
187002
Caso:  709 Tiempo:  2.0067292999956408
10000 elementos visitados
20000 elementos visitados
382366
Caso:  708 Tiempo:  21.12792780000018
10000 elementos visitados
20000 elementos visitados
360873
Caso:  707 Tiempo:  31.865521600004286
10000 elementos visitados
20000 elementos visitados
30000 elementos visitados
405342
Caso:  706 Tiempo:  54.67083939999429
5316
Caso:  705 Tiempo:  7.729999924777076e-05
10000 elementos visitados
284748
Caso:  704 Tiempo:  11.197488700003305
10000 elementos visitados
20000 elementos visitados
30000 elementos visitados
40000 elementos visitados
50000 elementos visitados
60000 elementos visitados
70000 elementos visitados
80000 elementos visitados
340621
Caso:  703 Tiempo:  306.958421000003
NO EXISTE
Caso:  702 Tiempo:  0.0025014999991981313
10000 elementos visitados
269398
Caso:  701 Tiempo:  15.333805300004315
26008
Caso:  700 Tiempo:  1.0317099999956554
NO EXISTE
Caso:  699 Tiempo:  0.0010514000023249537
10000 elementos visitados
20000 elementos visitados
30000 elementos visitados
40000 elementos visitados
50000 elementos visitados
664641
Caso:  698 Tiempo:  108.34740650000458
10000 elementos visitados
125645
Caso:  697 Tiempo:  15.140854199999012
10000 elementos visitados
154423
Caso:  696 Tiempo:  9.258267000004707
10000 elementos visitados
20000 elementos visitados
1020293
Caso:  695 Tiempo:  25.779255599998578
10000 elementos visitados
297714
Caso:  694 Tiempo:  12.18888049999805
64456
Caso:  693 Tiempo:  0.6425900999965961
10000 elementos visitados
NO EXISTE
Caso:  692 Tiempo:  4.209883600000467
NO EXISTE
Caso:  691 Tiempo:  0.00018650000129127875
246951
Caso:  690 Tiempo:  3.0031775000024936
103841
Caso:  689 Tiempo:  2.222392600000603
111971
Caso:  688 Tiempo:  0.8430129000043962
NO EXISTE
Caso:  687 Tiempo:  0.6149959000031231
10000 elementos visitados
NO EXISTE
Caso:  686 Tiempo:  6.165503999996872
10000 elementos visitados
20000 elementos visitados
30000 elementos visitados
40000 elementos visitados
50000 elementos visitados
60000 elementos visitados
70000 elementos visitados
456009
Caso:  685 Tiempo:  215.84908079999877
10000 elementos visitados
NO EXISTE
Caso:  684 Tiempo:  5.473609500004386
10000 elementos visitados
20000 elementos visitados
30000 elementos visitados
40000 elementos visitados
50000 elementos visitados
60000 elementos visitados
70000 elementos visitados
80000 elementos visitados
90000 elementos visitados
100000 elementos visitados
329268
Caso:  683 Tiempo:  401.3785233000017
NO EXISTE
Caso:  682 Tiempo:  0.0006345000001601875
NO EXISTE
Caso:  681 Tiempo:  0.03540190000057919
10000 elementos visitados
20000 elementos visitados
30000 elementos visitados
40000 elementos visitados
50000 elementos visitados
60000 elementos visitados
70000 elementos visitados
80000 elementos visitados
462411
Caso:  680 Tiempo:  268.44526269999915
10000 elementos visitados
161068
Caso:  679 Tiempo:  3.9422348999942187
105370
Caso:  678 Tiempo:  0.6948340000017197
10000 elementos visitados
20000 elementos visitados
30000 elementos visitados
40000 elementos visitados
50000 elementos visitados
285259
Caso:  677 Tiempo:  132.79662100000132
10000 elementos visitados
20000 elementos visitados
30000 elementos visitados
40000 elementos visitados
50000 elementos visitados
60000 elementos visitados
70000 elementos visitados
80000 elementos visitados
90000 elementos visitados
717309
Caso:  676 Tiempo:  362.1182087999987
10000 elementos visitados
240084
Caso:  675 Tiempo:  10.559134399998584
10000 elementos visitados
99653
Caso:  674 Tiempo:  4.833385400001134
10000 elementos visitados
255638
Caso:  673 Tiempo:  7.433955900000001
58282
Caso:  672 Tiempo:  1.0941311999995378
98544
Caso:  671 Tiempo:  1.7993925999981002
NO EXISTE
Caso:  670 Tiempo:  0.0038960000019869767
38943
Caso:  669 Tiempo:  0.0985694000046351
149772
Caso:  668 Tiempo:  0.43892710000363877
10000 elementos visitados
20000 elementos visitados
30000 elementos visitados
40000 elementos visitados
50000 elementos visitados
60000 elementos visitados
70000 elementos visitados
80000 elementos visitados
521359
Caso:  667 Tiempo:  249.44600950000313
NO EXISTE
Caso:  666 Tiempo:  2.581461000001582
10000 elementos visitados
20000 elementos visitados
30000 elementos visitados
40000 elementos visitados
50000 elementos visitados
60000 elementos visitados
70000 elementos visitados
80000 elementos visitados
90000 elementos visitados
1665169
Caso:  665 Tiempo:  324.9631376000034
152061
Caso:  664 Tiempo:  0.47465399999782676
NO EXISTE
Caso:  663 Tiempo:  0.0017450000013923272
NO EXISTE
Caso:  662 Tiempo:  2.3967746999987867
10000 elementos visitados
126269
Caso:  661 Tiempo:  9.86800430000585
10000 elementos visitados
20000 elementos visitados
30000 elementos visitados
40000 elementos visitados
50000 elementos visitados
60000 elementos visitados
972317
Caso:  660 Tiempo:  172.03539050000109
NO EXISTE
Caso:  659 Tiempo:  3.3399999665562063e-05
NO EXISTE
Caso:  658 Tiempo:  1.4425020999988192
187159
Caso:  657 Tiempo:  1.9758901000022888
155661
Caso:  656 Tiempo:  0.538202600000659
10000 elementos visitados
20000 elementos visitados
30000 elementos visitados
217182
Caso:  655 Tiempo:  37.790200299998105
8082
Caso:  654 Tiempo:  0.0033811000030254945
86687
Caso:  653 Tiempo:  0.008691499999258667
10000 elementos visitados
20000 elementos visitados
30000 elementos visitados
40000 elementos visitados
50000 elementos visitados
60000 elementos visitados
70000 elementos visitados
80000 elementos visitados
90000 elementos visitados
100000 elementos visitados
110000 elementos visitados
120000 elementos visitados
130000 elementos visitados
140000 elementos visitados
150000 elementos visitados
NO EXISTE
Caso:  652 Tiempo:  1048.0345364999957
92990
Caso:  651 Tiempo:  2.2866307999938726
10000 elementos visitados
20000 elementos visitados
30000 elementos visitados
40000 elementos visitados
290162
Caso:  650 Tiempo:  94.61639599999762
NO EXISTE
Caso:  649 Tiempo:  0.007346899998083245
137169
Caso:  648 Tiempo:  2.289802100000088
2763
Caso:  647 Tiempo:  7.160000677686185e-05
10000 elementos visitados
NO EXISTE
Caso:  646 Tiempo:  9.34439040000143
55537
Caso:  645 Tiempo:  0.44637820000207284
NO EXISTE
Caso:  644 Tiempo:  0.23252060000231722
10000 elementos visitados
20000 elementos visitados
30000 elementos visitados
40000 elementos visitados
693782
Caso:  643 Tiempo:  83.01304050000181
10000 elementos visitados
20000 elementos visitados
30000 elementos visitados
40000 elementos visitados
50000 elementos visitados
500708
Caso:  642 Tiempo:  123.1526309999972
10000 elementos visitados
20000 elementos visitados
30000 elementos visitados
356346
Caso:  641 Tiempo:  61.522900000003574
NO EXISTE
Caso:  640 Tiempo:  0.22754419999546371
11324
Caso:  639 Tiempo:  0.006425599996873643
10000 elementos visitados
20000 elementos visitados
206289
Caso:  638 Tiempo:  21.25255869999819
10000 elementos visitados
184265
Caso:  637 Tiempo:  4.763382299999648
10000 elementos visitados
287458
Caso:  636 Tiempo:  11.054197299999942
49566
Caso:  635 Tiempo:  4.034292999996978
10000 elementos visitados
20000 elementos visitados
30000 elementos visitados
40000 elementos visitados
50000 elementos visitados
918603
Caso:  634 Tiempo:  149.8862347999966
NO EXISTE
Caso:  633 Tiempo:  1.1547882000013487
10000 elementos visitados
20000 elementos visitados
30000 elementos visitados
79130
Caso:  632 Tiempo:  47.99833569999464
14765
Caso:  631 Tiempo:  0.0034662999969441444
10000 elementos visitados
20000 elementos visitados
30000 elementos visitados
40000 elementos visitados
50000 elementos visitados
60000 elementos visitados
70000 elementos visitados
80000 elementos visitados
90000 elementos visitados
100000 elementos visitados
110000 elementos visitados
120000 elementos visitados
130000 elementos visitados
140000 elementos visitados
150000 elementos visitados
160000 elementos visitados
170000 elementos visitados
377927
Caso:  630 Tiempo:  1361.636521499997
10000 elementos visitados
20000 elementos visitados
NO EXISTE
Caso:  629 Tiempo:  16.47476569999708
10000 elementos visitados
20000 elementos visitados
30000 elementos visitados
40000 elementos visitados
50000 elementos visitados
60000 elementos visitados
70000 elementos visitados
198123
Caso:  628 Tiempo:  242.6393001000033
12148
Caso:  627 Tiempo:  0.01964350000343984
10386
Caso:  626 Tiempo:  0.07148360000428511
599
Caso:  625 Tiempo:  0.00011760000052163377
10000 elementos visitados
20000 elementos visitados
30000 elementos visitados
40000 elementos visitados
50000 elementos visitados
60000 elementos visitados
70000 elementos visitados
1255795
Caso:  624 Tiempo:  243.34058589999768
10000 elementos visitados
472642
Caso:  623 Tiempo:  11.971438200002012
10000 elementos visitados
20000 elementos visitados
30000 elementos visitados
40000 elementos visitados
50000 elementos visitados
60000 elementos visitados
70000 elementos visitados
80000 elementos visitados
90000 elementos visitados
100000 elementos visitados
110000 elementos visitados
120000 elementos visitados
130000 elementos visitados
293423
Caso:  622 Tiempo:  717.0003664000033
113690
Caso:  621 Tiempo:  0.2746142000032705
92458
Caso:  620 Tiempo:  0.3570716000031098
10000 elementos visitados
459119
Caso:  619 Tiempo:  11.657070699999167
10000 elementos visitados
NO EXISTE
Caso:  618 Tiempo:  5.822280300002603
86613
Caso:  617 Tiempo:  0.39880339999945136
474512
Caso:  616 Tiempo:  2.5477452000050107
3833
Caso:  615 Tiempo:  0.0009820999985095114
19804
Caso:  614 Tiempo:  0.003554899994924199
29957
Caso:  613 Tiempo:  0.07954379999864614
10000 elementos visitados
20000 elementos visitados
822862
Caso:  612 Tiempo:  25.90998109999782
10000 elementos visitados
20000 elementos visitados
30000 elementos visitados
40000 elementos visitados
372717
Caso:  611 Tiempo:  80.72967800000333
1376
Caso:  610 Tiempo:  0.00010320000001229346
11446
Caso:  609 Tiempo:  0.000592199998209253
29312
Caso:  608 Tiempo:  0.003835700001218356
10000 elementos visitados
20000 elementos visitados
30000 elementos visitados
810078
Caso:  607 Tiempo:  53.039888899998914
10000 elementos visitados
20000 elementos visitados
105464
Caso:  606 Tiempo:  23.382440100001986
10263
Caso:  605 Tiempo:  0.004589100004523061
10000 elementos visitados
20000 elementos visitados
30000 elementos visitados
40000 elementos visitados
433129
Caso:  604 Tiempo:  91.05006229999708
357357
Caso:  603 Tiempo:  1.9720532999999705
648650
Caso:  602 Tiempo:  2.8186679999998887
10000 elementos visitados
NO EXISTE
Caso:  601 Tiempo:  10.488862099999096
10000 elementos visitados
20000 elementos visitados
30000 elementos visitados
40000 elementos visitados
50000 elementos visitados
60000 elementos visitados
70000 elementos visitados
80000 elementos visitados
90000 elementos visitados
100000 elementos visitados
110000 elementos visitados
120000 elementos visitados
130000 elementos visitados
140000 elementos visitados
150000 elementos visitados
160000 elementos visitados
170000 elementos visitados
180000 elementos visitados
190000 elementos visitados
200000 elementos visitados
210000 elementos visitados
220000 elementos visitados
230000 elementos visitados
240000 elementos visitados
493619
Caso:  600 Tiempo:  2520.4271348999973
10000 elementos visitados
20000 elementos visitados
30000 elementos visitados
40000 elementos visitados
50000 elementos visitados
60000 elementos visitados
70000 elementos visitados
80000 elementos visitados
90000 elementos visitados
100000 elementos visitados
110000 elementos visitados
NO EXISTE