284938
178600
47520
2220240
23939
360280
117903
2435
NO EXISTE
NO EXISTE
48783
17998
446264
NO EXISTE
64588
230075
728850
NO EXISTE
36459
230540
NO EXISTE
180702
449491
38844
1438231
144122
342376
215238
214364
339149
NO EXISTE
481945
468740
189466
658828
482864
261517
354226
67681
286490
1412184
241996
373102
104008
309208
11251
30556
139789
281606
52598
382271
NO EXISTE
157855
316441
NO EXISTE
14719
132627
NO EXISTE
71295
NO EXISTE
NO EXISTE
161975
218225
177587
NO EXISTE
NO EXISTE
NO EXISTE
182512
15323
81478
NO EXISTE
141083
317542
NO EXISTE
380939
125945
44567
45734
347229
67835
167140
6875
133029
474338
40232
101075
394963
NO EXISTE
121161
NO EXISTE
73628
1091981
297153
581031
33667
727025
212306
700400
258044
30490
228510
14394
185736
196985
126833
64726
40268
270149
13215
453188
361414
866531
345600
589441
867150
338692
247585
166810
745305
NO EXISTE
67031
633175
24424
148724
581689
NO EXISTE
46213
874088
635286
235949
140851
304625
1259871
246157
73653
684759
27313
158469
3398
86931
188330
420141
354116
269689
NO EXISTE
NO EXISTE
201527
103452
1040985
NO EXISTE
NO EXISTE
NO EXISTE
1260608
115445
129388
22843
469536
171940
33293
1356617
510615
64962
907316
NO EXISTE
49846
236461
8977
25484
338736
117041
95012
334090
NO EXISTE
NO EXISTE
NO EXISTE
NO EXISTE
NO EXISTE
446105
899695
NO EXISTE
132108
1078701
NO EXISTE
122146
232022
1065536
177535
74203
238472
47655
135992
536892
271199
102799
NO EXISTE
590009
NO EXISTE
243108
16924
868078
271370
NO EXISTE
NO EXISTE
248304
361785
212889
762773
123464
773109
317112
NO EXISTE
400522
74637
119655
191713
313141
417102
531672
161395
222760
279549
95433
197499
35135
283185
131762
NO EXISTE
276233
41857
25485
NO EXISTE
27263
86782
23471
352410
393982
NO EXISTE
139408
NO EXISTE
375356
307839
383172
NO EXISTE
838673
214622
214617
658311
46082
104285
58011
NO EXISTE
NO EXISTE
153620
32211
2113057
154102
1164153
207383
NO EXISTE
142895
58860
109524
65652
145524
11044
84976
108593
138430
65359
441235
42958
147288
220308
458228
34269
97120
963094
216562
145368
NO EXISTE
811136
NO EXISTE
26158
184997
298003
93302
719067
NO EXISTE
5278
NO EXISTE
194773
187002
382366
360873
405342
5316
284748
340621
NO EXISTE
269398
26008
NO EXISTE
664641
125645
154423
1020293
297714
64456
NO EXISTE
NO EXISTE
246951
103841
111971
NO EXISTE
NO EXISTE
456009
NO EXISTE
329268
NO EXISTE
NO EXISTE
462411
161068
105370
285259
717309
240084
99653
255638
58282
98544
NO EXISTE
38943
149772
521359
NO EXISTE
1665169
152061
NO EXISTE
NO EXISTE
126269
972317
NO EXISTE
NO EXISTE
187159
155661
217182
8082
86687
NO EXISTE
92990
290162
NO EXISTE
137169
2763
NO EXISTE
55537
NO EXISTE
693782
500708
356346
NO EXISTE
11324
206289
184265
287458
49566
918603
NO EXISTE
79130
14765
377927
NO EXISTE
198123
12148
10386
599
1255795
472642
293423
113690
92458
459119
NO EXISTE
86613
474512
3833
19804
29957
822862
372717
1376
11446
29312
810078
105464
10263
433129
357357
648650
NO EXISTE
493619
NO EXISTE
267427
357474
4473
146056
146272
65139
187023
NO EXISTE
115999
195491
NO EXISTE
NO EXISTE
1110543
672909
484972
381007
66599
NO EXISTE
63002
411704
334221
14516
308728
NO EXISTE
172625
1696
NO EXISTE
74600
NO EXISTE
434717
635839
287225
612886
161208
126153
190749
397114
67703
518008
NO EXISTE
304530
42651
NO EXISTE
10452
256275
234117
17540
NO EXISTE
322191
NO EXISTE
38247
805808
NO EXISTE
85302
111283
26649
NO EXISTE
318814
285989
3955
9164
62236
169815
46597
2890
895161
NO EXISTE
NO EXISTE
275050
178504
459780
766790
135343
1395633
NO EXISTE
235090
NO EXISTE
NO EXISTE
4569
NO EXISTE
NO EXISTE
139616
20070
NO EXISTE
NO EXISTE
365025
27111
278508
NO EXISTE
301128
165107
23304
45486
402393
62822
944332
352970
NO EXISTE
36646
362690
148083
99264
148311
33434
894178
111530
811588
2765
410565
84414
181939
305334
64349
14014
18558
407325
309273
323387
NO EXISTE
185380
75176
58424
NO EXISTE
NO EXISTE
NO EXISTE
784256
293197
81683
NO EXISTE
626209
554257
109055
272352
NO EXISTE
NO EXISTE
232893
841714
308656
NO EXISTE
566503
503247
1083
1000315
55970
590050
NO EXISTE
310329
212030
91609
NO EXISTE
25736
1066117
817664
NO EXISTE
1013884
10077
107644
7901
816950
2124935
446697
1162476
208805
93625
NO EXISTE
NO EXISTE
23968
7851
316019
175033
400549
36802
756080
56494
1309721
180110
347000
23112
506660
822454
3541
154411
218797
180446
362855
519394
3178
NO EXISTE
NO EXISTE
NO EXISTE
455441
9907
2743
6630
145411
758149
187760
NO EXISTE
NO EXISTE
751026
NO EXISTE
468656
683209
601210
NO EXISTE
399784
1529797
271976
158528
NO EXISTE
524023
NO EXISTE
205131
9096
28559
13823
159370
830414
449387
143045
NO EXISTE
377145
NO EXISTE
16853
NO EXISTE
90593
1357616
NO EXISTE
30802
150589
252923
NO EXISTE
176053
135173
309610
213541
50705
22297
86966
1084530
157679
53495
0
1569
48274
99063
208446
187740
NO EXISTE
298527
95666
428350
21231
593894
291930
NO EXISTE
663931
NO EXISTE
688349
6084
213073
192542
87033
254101
218759
81455
343769
195335
NO EXISTE
91896
63374
245986
39362
223109
193276
47120
128974
NO EXISTE
NO EXISTE
397100
11263
146883
NO EXISTE
231836
118855
12857
300818
405343
3603
238229
122032
487993
NO EXISTE
525160
293533
NO EXISTE
487808
22485
55909
406093
20561
197203
175986
NO EXISTE
NO EXISTE
655385
1864957
NO EXISTE
82934
203309
1345786
175273
NO EXISTE
38070
462657
91836
894938
89847
47608
1152125
1051058
68104
516462
859156
NO EXISTE
3088
NO EXISTE
10703
197615
126949
7384
54254
1041183
131705
341027
170132
NO EXISTE
663095
NO EXISTE
26725
173031
30569
592787
541818
250918
NO EXISTE
6146
NO EXISTE
125965
69977
NO EXISTE
29631
NO EXISTE
NO EXISTE
1212457
81494
851083
419949
80924
237503
915789
287377
137806
170611
782548
155139
291536
91689
289169
54299
NO EXISTE
NO EXISTE
354667
187946
311450
33311
8377
13304
103151
21493
83883
NO EXISTE
33471
873485
8625
183978
70336
201747
71644
445508
8834
NO EXISTE
231496
597838
655812
155558
38924
18035
932583
317536
116407
393333
NO EXISTE
355051
223648
NO EXISTE
471590
97325
111869
145590
1404926
86491
15227
376657
154202
485218
22898
177398
NO EXISTE
NO EXISTE
43801
751624
153449
239055
32926
1135671
70544
NO EXISTE
19310
NO EXISTE
NO EXISTE
202297
42095
NO EXISTE
182465
13697
NO EXISTE
1215
712275
NO EXISTE
NO EXISTE
NO EXISTE
NO EXISTE
200034
170583
518946
392774
89180
319669
116675
274604
199099
199068
NO EXISTE
48721
1484475
NO EXISTE
308175
180627
532643
71925
552729
153081
784005
62326
539405
40275
408584
13566
587942
203583
4315
99136
266849
23078
74233
NO EXISTE
NO EXISTE
65416
348196
135982
207948
55080
138178
NO EXISTE
184237
127792
248377
494844
601890
555948
78069
925319
328238
167238
NO EXISTE
577001
NO EXISTE
23218
427145
45684
649075
15533
210061
127821
128664
860073
NO EXISTE
64088
531094
496867
136753
NO EXISTE
190516
852713
22434
41841
222322
208481
1114965
33182
NO EXISTE
266433
NO EXISTE
NO EXISTE
2118
1040555
60744
318126
201167
505529
16154
1018648
827608
619989
75615
75862
93788
163924
NO EXISTE
60331
NO EXISTE
249981
213739
212651
119418
28852
406015
1019095
208475
91760
47325
NO EXISTE
89357
807245
536702
19647
197087
727171
10825
872138
56674
163192
NO EXISTE
15654
952343
260827
554417
774453
NO EXISTE
146432
637057
NO EXISTE
1392988
368789
NO EXISTE
275050
NO EXISTE
456194
724817
566736
247790
62824
62558
98337
495593
59268
604161
52070
839659
686319
78141
193489
NO EXISTE
NO EXISTE
NO EXISTE
78617
138942
Tiempo total: 349.6169737000 segundos.
