284938 - 42636
178600 - 160580
47520 - 4050
2220240 - 592500
23939 - 12320
360280 - 243375
117903 - 68540
2435 - 48
NO EXISTE - 796214
NO EXISTE - 328410
40228 - 10260
17998 - 2409
446264 - 830212
NO EXISTE - 4672
64588 - 20658
230075 - 61659
536571 - 274365
NO EXISTE - 30492
19422 - 1736
230540 - 267475
NO EXISTE - 7602
123742 - 48240
449491 - 126939
38844 - 3302
1438231 - 886240
144122 - 271366
288939 - 269400
176576 - 26964
214364 - 105020
225619 - 122976
NO EXISTE - 20467
481945 - 117448
327258 - 208860
189466 - 29760
658828 - 562350
438812 - 223344
261517 - 90624
281277 - 229361
67681 - 6254
286490 - 100116
1412184 - 501656
140167 - 94350
373102 - 217200
104008 - 162475
309208 - 469588
11251 - 20628
21257 - 17280
136284 - 127248
281606 - 460317
52598 - 2970
382271 - 87143
NO EXISTE - 276024
157855 - 41990
241677 - 218064
NO EXISTE - 561
14719 - 630
132627 - 58900
NO EXISTE - 71052
71295 - 104160
NO EXISTE - 72090
NO EXISTE - 19992
113331 - 75933
197451 - 266685
177587 - 146616
NO EXISTE - 44
NO EXISTE - 206812
NO EXISTE - 383590
182512 - 18360
15323 - 2508
81478 - 19942
NO EXISTE - 251650
141083 - 84304
317542 - 438272
NO EXISTE - 28
380939 - 137448
125945 - 92510
44567 - 40128
45734 - 12845
229080 - 321930
67835 - 102700
167140 - 37665
6875 - 407
60741 - 58996
474338 - 205668
40232 - 25875
101075 - 45194
328662 - 117177
NO EXISTE - 51012
121161 - 38586
NO EXISTE - 225380
73628 - 25245
1091981 - 381483
283050 - 117572
581031 - 388145
28358 - 1638
727025 - 267800
212306 - 293232
700400 - 311707
258044 - 113832
19671 - 20763
228510 - 331000
9684 - 640
185736 - 73987
147142 - 217415
126833 - 83727
64726 - 49042
40268 - 3424
242568 - 177816
12353 - 3528
453188 - 481636
361414 - 73140
686190 - 360360
345600 - 30457
466460 - 445632
610963 - 557109
338692 - 377300
247585 - 181192
166810 - 110220
527802 - 510564
NO EXISTE - 32472
67031 - 28476
566653 - 494190
24424 - 1440
148724 - 179725
581689 - 649392
NO EXISTE - 710
43414 - 23870
874088 - 400094
613731 - 525980
186225 - 55414
138953 - 68400
247472 - 108344
1259871 - 267596
246157 - 139830
73653 - 10260
684759 - 346312
27313 - 11960
158469 - 102050
8231 - 1120
86931 - 53560
188330 - 31070
420141 - 386280
354116 - 517724
269689 - 328770
NO EXISTE - 475
NO EXISTE - 14075
201527 - 56282
103452 - 88407
953533 - 193060
NO EXISTE - 38570
NO EXISTE - 772
NO EXISTE - 40890
1260608 - 750680
104879 - 86112
129388 - 80878
22843 - 5208
469536 - 440829
171940 - 108871
33293 - 18908
1310675 - 749685
504996 - 429156
64962 - 14388
907316 - 929390
NO EXISTE - 273840
49846 - 11461
236461 - 108224
8977 - 1224
25484 - 1770
309882 - 93708
117041 - 71029
95012 - 47570
324165 - 391812
NO EXISTE - 31
NO EXISTE - 156
NO EXISTE - 420
NO EXISTE - 42418
NO EXISTE - 115077
446105 - 120408
899695 - 471240
NO EXISTE - 120267
132108 - 38092
1048709 - 719446
NO EXISTE - 20825
122146 - 28658
232022 - 68541
1065536 - 645424
170261 - 109556
74203 - 1920
238472 - 89712
47655 - 17576
134308 - 21115
536892 - 159993
271199 - 132480
102799 - 57451
NO EXISTE - 10557
590009 - 564680
NO EXISTE - 2952
243108 - 175336
16924 - 10863
868078 - 274252
170726 - 136828
NO EXISTE - 2397
NO EXISTE - 646017
233435 - 115248
259875 - 150150
212889 - 196330
762773 - 461580
123464 - 58632
754871 - 554680
281608 - 298037
NO EXISTE - 494802
400522 - 288510
74637 - 112495
82740 - 135814
191713 - 27495
313141 - 569008
417102 - 202401
531672 - 158592
161395 - 32375
177242 - 107334
246161 - 131937
95433 - 102237
197499 - 41291
35135 - 31168
250899 - 34500
131762 - 33276
NO EXISTE - 69960
185235 - 388869
41857 - 26928
25485 - 6500
NO EXISTE - 72000
41448 - 25346
86782 - 9028
23471 - 2162
352410 - 225246
393982 - 636338
NO EXISTE - 10920
139408 - 81120
NO EXISTE - 4389
375356 - 104562
307839 - 241528
275256 - 468270
NO EXISTE - 517
838673 - 669043
210264 - 16555
193557 - 32648
658311 - 233064
46082 - 63425
66214 - 41796
58011 - 17545
NO EXISTE - 211668
NO EXISTE - 13312
153620 - 108864
32211 - 2397
1777465 - 834834
154102 - 115768
1164153 - 719796
207383 - 369279
NO EXISTE - 230048
142895 - 176665
54977 - 16020
109524 - 51186
65652 - 21074
145524 - 77363
11044 - 7545
84976 - 87318
74031 - 34428
133136 - 29744
58074 - 135632
441235 - 212432
42958 - 15729
147288 - 72455
220308 - 358772
458228 - 853572
33115 - 11986
97120 - 17051
805891 - 557361
216562 - 178356
111569 - 25877
NO EXISTE - 253840
811136 - 553150
NO EXISTE - 138
26158 - 7998
171295 - 70613
298003 - 168300
93302 - 101277
719067 - 716924
NO EXISTE - 572
5278 - 88
NO EXISTE - 452166
194773 - 127966
187002 - 21801
377837 - 113490
372616 - 188571
405342 - 138306
NO EXISTE - 63
284748 - 101456
340621 - 236324
NO EXISTE - 4284
269398 - 42387
26008 - 41340
NO EXISTE - 51765
664641 - 343485
125645 - 115776
154423 - 55867
1020293 - 278388
283059 - 50190
64456 - 133440
NO EXISTE - 275412
NO EXISTE - 2706
239746 - 69300
103841 - 50850
79650 - 17600
NO EXISTE - 91803
NO EXISTE - 25875
440754 - 225277
NO EXISTE - 328405
329268 - 314590
NO EXISTE - 480
NO EXISTE - 2369
462411 - 375744
161068 - 45240
105370 - 18468
285259 - 393088
717309 - 590244
182794 - 56322
89765 - 71556
219124 - 58474
58282 - 16985
98544 - 74880
NO EXISTE - 624
30685 - 5950
149772 - 40443
407337 - 361354
NO EXISTE - 223125
1665169 - 830826
152061 - 26569
NO EXISTE - 260
NO EXISTE - 32643
126269 - 37200
972317 - 405339
NO EXISTE - 348
NO EXISTE - 119682
187159 - 36162
139888 - 11340
217182 - 79872
8082 - 540
NO EXISTE - 10028
NO EXISTE - 336924
92990 - 30024
285336 - 177600
NO EXISTE - 1134
135331 - 81896
NO EXISTE - 120
NO EXISTE - 169575
48729 - 13200
NO EXISTE - 110160
693097 - 246725
500708 - 201250
356346 - 370080
NO EXISTE - 138570
11324 - 1526
206289 - 76284
184265 - 87373
287458 - 43365
49566 - 29799
918603 - 451248
NO EXISTE - 39750
46644 - 64600
12557 - 440
377927 - 707130
NO EXISTE - 58560
198123 - 314412
12148 - 2516
10386 - 7182
599 - 36
1255795 - 524601
472642 - 258420
293423 - 377880
113690 - 8372
92458 - 11305
394744 - 72080
NO EXISTE - 141614
86613 - 124600
400634 - 125286
13097 - 216
19804 - 3344
29957 - 3854
822862 - 434176
366635 - 178089
1376 - 133
11446 - 567
29312 - 754
706582 - 221502
93967 - 69660
10263 - 3654
433129 - 355355
357357 - 47150
648650 - 266556
NO EXISTE - 197485
493619 - 708550
NO EXISTE - 594406
267427 - 95604
357474 - 120960
4473 - 350
146056 - 91242
146272 - 104125
37750 - 11310
187023 - 50350
NO EXISTE - 160728
115999 - 34452
195491 - 136640
NO EXISTE - 223614
NO EXISTE - 10900
1110543 - 609024
672909 - 376656
484972 - 234260
322870 - 127232
66599 - 10455
NO EXISTE - 1176
63002 - 62049
411704 - 331968
334221 - 228085
14516 - 14224
308728 - 257850
NO EXISTE - 14017
172625 - 134423
NO EXISTE - 942
NO EXISTE - 81
58370 - 20976
NO EXISTE - 322322
434717 - 259038
635839 - 290400
287225 - 194910
609712 - 469953
161208 - 49470
120713 - 73568
190749 - 161552
397114 - 460320
76288 - 46057
459103 - 375859
NO EXISTE - 62
304530 - 120776
34896 - 5800
NO EXISTE - 5700
10452 - 6831
256275 - 315500
234117 - 187920
17540 - 3450
NO EXISTE - 6320
207378 - 101370
NO EXISTE - 118580
38247 - 10080
805808 - 616964
NO EXISTE - 496478
70637 - 13603
111283 - 26986
26649 - 20922
NO EXISTE - 40865
318814 - 567820
285605 - 39668
3955 - 1592
9164 - 8064
83547 - 49000
169815 - 53248
46597 - 19708
2890 - 15
895161 - 576576
NO EXISTE - 63796
NO EXISTE - 25511
211897 - 126735
95653 - 100188
459780 - 351712
766790 - 851400
135343 - 35211
1366458 - 832656
NO EXISTE - 54846
235090 - 153792
NO EXISTE - 46070
NO EXISTE - 85608
4569 - 162
NO EXISTE - 42039
NO EXISTE - 175272
119482 - 27430
20070 - 16500
NO EXISTE - 3852
NO EXISTE - 108750
365025 - 181435
27111 - 3876
271457 - 132606
NO EXISTE - 371676
301128 - 342370
165107 - 407886
21545 - 12740
45486 - 31078
282181 - 208947
53712 - 25048
519681 - 521413
352970 - 135864
NO EXISTE - 2067
28913 - 25620
362690 - 303958
147377 - 83593
99264 - 71485
263957 - 90119
25605 - 12397
894178 - 594252
111530 - 6400
811588 - 528147
2765 - 130
410565 - 508875
84037 - 44160
132423 - 22950
305334 - 489445
64349 - 50570
14014 - 8370
18558 - 8619
407325 - 71675
309273 - 73170
215405 - 137497
NO EXISTE - 477285
170248 - 16320
75176 - 22885
58424 - 21238
NO EXISTE - 706
NO EXISTE - 6076
NO EXISTE - 162
784256 - 791840
277230 - 69286
81683 - 94710
NO EXISTE - 1539
626209 - 287379
476843 - 127500
109055 - 81252
272352 - 107800
NO EXISTE - 77265
NO EXISTE - 35076
145705 - 198237
841714 - 770595
308656 - 287280
NO EXISTE - 150176
459699 - 718244
503247 - 376924
1083 - 45
1000315 - 673644
55970 - 52704
590050 - 266724
NO EXISTE - 140
256273 - 319806
212030 - 192696
91609 - 10692
NO EXISTE - 48472
